Running: /opt/Xilinx/14.7/ISE_DS/ISE/bin/lin64/unwrapped/fuse -intstyle ise -incremental -lib unisims_ver -lib unimacro_ver -lib xilinxcorelib_ver -lib secureip -o /home/rohan/Desktop/FpgaI2Ccontroller/test_main_isim_beh.exe -prj /home/rohan/Desktop/FpgaI2Ccontroller/test_main_beh.prj work.test_main work.glbl 
ISim P.20131013 (signature 0xfbc00daa)
Number of CPUs detected in this system: 4
Turning on mult-threading, number of parallel sub-compilation jobs: 8 
Determining compilation order of HDL files
Analyzing Verilog file "/home/rohan/Desktop/FpgaI2Ccontroller/i2c_master.v" into library work
Analyzing Verilog file "/home/rohan/Desktop/FpgaI2Ccontroller/main.v" into library work
Analyzing Verilog file "/home/rohan/Desktop/FpgaI2Ccontroller/test_main.v" into library work
Analyzing Verilog file "/opt/Xilinx/14.7/ISE_DS/ISE//verilog/src/glbl.v" into library work
Starting static elaboration
Completed static elaboration
Fuse Memory Usage: 103188 KB
Fuse CPU Usage: 2130 ms
Compiling module i2c_controller(i2c_high_time=2,i...
Compiling module main
Compiling module test_main
Compiling module glbl
Time Resolution for simulation is 1ps.
Waiting for 1 sub-compilation(s) to finish...
Compiled 4 Verilog Units
Built simulation executable /home/rohan/Desktop/FpgaI2Ccontroller/test_main_isim_beh.exe
Fuse Memory Usage: 663756 KB
Fuse CPU Usage: 2170 ms
GCC CPU Usage: 1070 ms
